<?xml version='1.0' encoding='utf-8'?>
<testsuites>
  <testsuite errors="0"
             failures="0"
             time="0.0722179412841797"
             tests="1"
             name="t/00_compile.t">
    <testcase time="0.070734977722168" name="1 - use Example;"></testcase>
    <system-out><![CDATA[ok 1 - use Example;
1..1
]]></system-out>
    <system-err></system-err>
  </testsuite>
  <testsuite errors="1"
             failures="2"
             tests="2"
             time="4.17059588432312"
             name="t/fail/01_fail.t">
    <testcase name="1 - add(1, 2) == 5" time="2.0633590221405">
      <failure type="TestFailed"
               message="not ok 1 - add(1, 2) == 5"><![CDATA[not ok 1 - add(1, 2) == 5
# Subtest: add
    not ok 1 - 1 + 2
    1..1]]></failure>
    </testcase>
    <testcase time="2.1068799495697" name="2 - add">
      <failure type="TestFailed"
               message="not ok 2 - add"><![CDATA[not ok 2 - add]]></failure>
    </testcase>
    <system-out><![CDATA[not ok 1 - add(1, 2) == 5
# Subtest: add
    not ok 1 - 1 + 2
    1..1
not ok 2 - add
]]></system-out>
    <system-err><![CDATA[Dubious, test returned 2 (wstat 512, 0x200)
]]></system-err>
    <error message="Dubious, test returned 2 (wstat 512, 0x200)" />
  </testsuite>
  <testsuite failures="0"
             errors="0"
             name="t/math/01_math.t"
             time="10.105495929718"
             tests="4">
    <testcase name="1 - add(1, 2) == 3" time="2.08377385139465"></testcase>
    <testcase time="4.00751399993896" name="2 - add"></testcase>
    <testcase name="3 - double" time="2.01006603240967"></testcase>
    <testcase name="4 - add(3, 2) == 5" time="2.00167012214661"></testcase>
    <system-out><![CDATA[ok 1 - add(1, 2) == 3
# Subtest: add
    ok 1 - 1 + 2
    ok 2 - 3 + 4
    1..2
ok 2 - add
# Subtest: double
    ok 1 - 1 + 2
    ok 2 - 3 + 2
    1..2
ok 3 - double
ok 4 - add(3, 2) == 5
1..4
]]></system-out>
    <system-err></system-err>
  </testsuite>
</testsuites>
