<?xml version="1.0" encoding="UTF-8" ?>
<testsuites>
  <testsuite errors="0" failures="1" hostname="MacBookKun.local" id="0" name="HelloWorldTest" package="com.launchable" skipped="0" tests="2" time="0.305" timestamp="2021-04-28T10:36:31">
      <properties>
[...]
</properties>

      <testcase classname="com.launchable.HelloWorldTest" name="testWillAlwaysFail" time="0.006">
          <failure message="An error message" type="junit.framework.AssertionFailedError">junit.framework.AssertionFailedError: An error message
	at com.launchable.HelloWorldTest.testWillAlwaysFail(Unknown Source)
</failure>

      </testcase>

      <testcase classname="com.launchable.HelloWorldTest" name="testNothing" time="0.0" />

      <system-out><![CDATA[]]></system-out>

      <system-err><![CDATA[]]></system-err>

  </testsuite>
  <testsuite errors="0" failures="0" hostname="MacBookKun.local" id="1" name="CacheTest" package="com.launchable.library" skipped="0" tests="1" time="0.039" timestamp="2021-04-28T10:36:32">
      <properties>
[...]
</properties>

      <testcase classname="com.launchable.library.CacheTest" name="testCache" time="0.001" />

      <system-out><![CDATA[]]></system-out>

      <system-err><![CDATA[]]></system-err>

  </testsuite>
</testsuites>
