<testsuites id="" name="" tests="26" failures="1" skipped="0" errors="0" time="8.141573">
<testsuite name="demo-todo-app.spec.ts" timestamp="2024-01-31T00:23:06.919Z" hostname="chromium" tests="24" failures="0" skipped="0" time="11.537" errors="0">
<testcase name="New Todo › should allow me to add todo items" classname="demo-todo-app.spec.ts" time="0.726">
</testcase>
<testcase name="New Todo › should clear text input field when an item is added" classname="demo-todo-app.spec.ts" time="0.71">
</testcase>
<testcase name="New Todo › should append new items to the bottom of the list" classname="demo-todo-app.spec.ts" time="0.756">
</testcase>
<testcase name="Mark all as completed › should allow me to mark all items as completed" classname="demo-todo-app.spec.ts" time="0.808">
</testcase>
<testcase name="Mark all as completed › should allow me to clear the complete state of all items" classname="demo-todo-app.spec.ts" time="0.812">
</testcase>
<testcase name="Mark all as completed › complete all checkbox should update state when items are completed / cleared" classname="demo-todo-app.spec.ts" time="0.503">
</testcase>
<testcase name="Item › should allow me to mark items as complete" classname="demo-todo-app.spec.ts" time="0.412">
</testcase>
<testcase name="Item › should allow me to un-mark items as complete" classname="demo-todo-app.spec.ts" time="0.439">
</testcase>
<testcase name="Item › should allow me to edit an item" classname="demo-todo-app.spec.ts" time="0.395">
</testcase>
<testcase name="Editing › should hide other controls when editing" classname="demo-todo-app.spec.ts" time="0.398">
</testcase>
<testcase name="Editing › should save edits on blur" classname="demo-todo-app.spec.ts" time="0.388">
</testcase>
<testcase name="Editing › should trim entered text" classname="demo-todo-app.spec.ts" time="0.389">
</testcase>
<testcase name="Editing › should remove the item if an empty text string was entered" classname="demo-todo-app.spec.ts" time="0.415">
</testcase>
<testcase name="Editing › should cancel edits on escape" classname="demo-todo-app.spec.ts" time="0.407">
</testcase>
<testcase name="Counter › should display the current number of todo items" classname="demo-todo-app.spec.ts" time="0.317">
</testcase>
<testcase name="Clear completed button › should display the correct text" classname="demo-todo-app.spec.ts" time="0.362">
</testcase>
<testcase name="Clear completed button › should remove completed items when clicked" classname="demo-todo-app.spec.ts" time="0.387">
</testcase>
<testcase name="Clear completed button › should be hidden when there are no items that are completed" classname="demo-todo-app.spec.ts" time="0.385">
</testcase>
<testcase name="Persistence › should persist its data" classname="demo-todo-app.spec.ts" time="0.415">
</testcase>
<testcase name="Routing › should allow me to display active items" classname="demo-todo-app.spec.ts" time="0.399">
</testcase>
<testcase name="Routing › should respect the back button" classname="demo-todo-app.spec.ts" time="0.452">
</testcase>
<testcase name="Routing › should allow me to display completed items" classname="demo-todo-app.spec.ts" time="0.397">
</testcase>
<testcase name="Routing › should allow me to display all items" classname="demo-todo-app.spec.ts" time="0.466">
</testcase>
<testcase name="Routing › should highlight the currently applied filter" classname="demo-todo-app.spec.ts" time="0.399">
</testcase>
</testsuite>
<testsuite name="example.spec.ts" timestamp="2024-01-31T00:23:06.919Z" hostname="chromium" tests="2" failures="1" skipped="0" time="5.875" errors="0">
<testcase name="has title" classname="example.spec.ts" time="0.49">
</testcase>
<testcase name="get started link" classname="example.spec.ts" time="5.385">
<failure message="example.spec.ts:10:5 get started link" type="FAILURE">
<![CDATA[  [chromium] › example.spec.ts:10:5 › get started link ─────────────────────────────────────────────

    Error: Timed out 5000ms waiting for expect(locator).toBeVisible()

    Locator: getByRole('heading', { name: 'Installation!' })
    Expected: visible
    Received: hidden
    Call log:
      - expect.toBeVisible with timeout 5000ms
      - waiting for getByRole('heading', { name: 'Installation!' })


      15 |
      16 |   // Expects page to have a heading with the name of Installation.
    > 17 |   await expect(page.getByRole('heading', { name: 'Installation!' })).toBeVisible();
         |                                                                      ^
      18 | });
      19 |

        at /Users/yabuki-ryosuke/src/github.com/launchableinc/examples/playwright/tests/example.spec.ts:17:70
]]>
</failure>
</testcase>
</testsuite>
</testsuites>
